{"level":"info","msg":"[CODE]","spanID":"0000000000000000","spanParentID":null,"time":"2022-09-18T03:02:16+07:00","traceID":"00000000000000000000000000000000"}
{"err":"The shortcode cannot be found in the system","level":"error","msg":"[]","spanID":"0000000000000000","spanParentID":null,"src":"service.go:github.com/harisaginting/guin/api/v1/shorten.(*Service).Status:99","time":"2022-09-18T03:02:16+07:00","traceID":"00000000000000000000000000000000"}
{"level":"info","msg":"[CODE]","spanID":"0000000000000000","spanParentID":null,"time":"2022-09-18T03:24:57+07:00","traceID":"00000000000000000000000000000000"}
{"err":"The shortcode cannot be found in the system","level":"error","msg":"[]","spanID":"0000000000000000","spanParentID":null,"src":"service.go:github.com/harisaginting/guin/api/v1/shorten.(*Service).Status:99","time":"2022-09-18T03:24:57+07:00","traceID":"00000000000000000000000000000000"}
{"level":"info","msg":"[CODE]","spanID":"0000000000000000","spanParentID":null,"time":"2022-09-18T03:24:57+07:00","traceID":"00000000000000000000000000000000"}
{"err":"The shortcode cannot be found in the system","level":"error","msg":"[]","spanID":"0000000000000000","spanParentID":null,"src":"service.go:github.com/harisaginting/guin/api/v1/shorten.(*Service).Status:99","time":"2022-09-18T03:24:57+07:00","traceID":"00000000000000000000000000000000"}
{"level":"info","msg":"[CODE]","spanID":"0000000000000000","spanParentID":null,"time":"2022-09-18T03:24:57+07:00","traceID":"00000000000000000000000000000000"}
{"err":"The shortcode cannot be found in the system","level":"error","msg":"[]","spanID":"0000000000000000","spanParentID":null,"src":"service.go:github.com/harisaginting/guin/api/v1/shorten.(*Service).Status:99","time":"2022-09-18T03:24:57+07:00","traceID":"00000000000000000000000000000000"}
{"level":"info","msg":"[CODE]","spanID":"0000000000000000","spanParentID":null,"time":"2022-09-18T03:31:40+07:00","traceID":"00000000000000000000000000000000"}
{"level":"info","msg":"[CODE]","spanID":"0000000000000000","spanParentID":null,"time":"2022-09-18T03:31:40+07:00","traceID":"00000000000000000000000000000000"}
{"level":"info","msg":"[CODE]","spanID":"0000000000000000","spanParentID":null,"time":"2022-09-18T03:31:40+07:00","traceID":"00000000000000000000000000000000"}
{"level":"info","msg":"[CODE]","spanID":"0000000000000000","spanParentID":null,"time":"2022-09-18T03:32:43+07:00","traceID":"00000000000000000000000000000000"}
{"level":"info","msg":"[CODE]","spanID":"0000000000000000","spanParentID":null,"time":"2022-09-18T03:32:43+07:00","traceID":"00000000000000000000000000000000"}
{"level":"info","msg":"[CODE]","spanID":"0000000000000000","spanParentID":null,"time":"2022-09-18T03:32:43+07:00","traceID":"00000000000000000000000000000000"}
{"level":"info","msg":"[CODE]","spanID":"0000000000000000","spanParentID":null,"time":"2022-09-18T03:33:22+07:00","traceID":"00000000000000000000000000000000"}
{"level":"info","msg":"[CODE]","spanID":"0000000000000000","spanParentID":null,"time":"2022-09-18T03:33:22+07:00","traceID":"00000000000000000000000000000000"}
{"level":"info","msg":"[CODE]","spanID":"0000000000000000","spanParentID":null,"time":"2022-09-18T03:33:22+07:00","traceID":"00000000000000000000000000000000"}
{"level":"info","msg":"[CODE]","spanID":"0000000000000000","spanParentID":null,"time":"2022-09-18T03:34:48+07:00","traceID":"00000000000000000000000000000000"}
{"level":"info","msg":"[CODE]","spanID":"0000000000000000","spanParentID":null,"time":"2022-09-18T03:34:48+07:00","traceID":"00000000000000000000000000000000"}
{"level":"info","msg":"[CODE]","spanID":"0000000000000000","spanParentID":null,"time":"2022-09-18T03:34:48+07:00","traceID":"00000000000000000000000000000000"}
{"err":"invalid url host","level":"error","msg":"[]","spanID":"0000000000000000","spanParentID":null,"src":"service.go:github.com/harisaginting/guin/api/v1/shorten.(*Service).Create:46","time":"2022-09-18T03:53:13+07:00","traceID":"00000000000000000000000000000000"}
{"err":"The shortcode cannot be found in the system","level":"error","msg":"[]","spanID":"0000000000000000","spanParentID":null,"src":"service.go:github.com/harisaginting/guin/api/v1/shorten.(*Service).Status:103","time":"2022-09-18T03:53:13+07:00","traceID":"00000000000000000000000000000000"}
{"err":"invalid url host","level":"error","msg":"[]","spanID":"0000000000000000","spanParentID":null,"src":"service.go:github.com/harisaginting/guin/api/v1/shorten.(*Service).Create:46","time":"2022-09-18T03:55:26+07:00","traceID":"00000000000000000000000000000000"}
{"err":"The shortcode cannot be found in the system","level":"error","msg":"[]","spanID":"0000000000000000","spanParentID":null,"src":"service.go:github.com/harisaginting/guin/api/v1/shorten.(*Service).Status:103","time":"2022-09-18T03:55:26+07:00","traceID":"00000000000000000000000000000000"}
{"err":"invalid url host","level":"error","msg":"[]","spanID":"0000000000000000","spanParentID":null,"src":"service.go:github.com/harisaginting/guin/api/v1/shorten.(*Service).Create:46","time":"2022-09-18T03:56:58+07:00","traceID":"00000000000000000000000000000000"}
{"err":"The shortcode cannot be found in the system","level":"error","msg":"[]","spanID":"0000000000000000","spanParentID":null,"src":"service.go:github.com/harisaginting/guin/api/v1/shorten.(*Service).Status:103","time":"2022-09-18T03:56:58+07:00","traceID":"00000000000000000000000000000000"}
{"err":"invalid url host","level":"error","msg":"[]","spanID":"0000000000000000","spanParentID":null,"src":"service.go:github.com/harisaginting/guin/api/v1/shorten.(*Service).Create:46","time":"2022-09-18T03:59:21+07:00","traceID":"00000000000000000000000000000000"}
{"err":"The shortcode cannot be found in the system","level":"error","msg":"[]","spanID":"0000000000000000","spanParentID":null,"src":"service.go:github.com/harisaginting/guin/api/v1/shorten.(*Service).Status:103","time":"2022-09-18T03:59:21+07:00","traceID":"00000000000000000000000000000000"}
{"err":"invalid url host","level":"error","msg":"[]","spanID":"0000000000000000","spanParentID":null,"src":"service.go:github.com/harisaginting/guin/api/v1/shorten.(*Service).Create:46","time":"2022-09-18T04:00:08+07:00","traceID":"00000000000000000000000000000000"}
{"err":"The shortcode cannot be found in the system","level":"error","msg":"[]","spanID":"0000000000000000","spanParentID":null,"src":"service.go:github.com/harisaginting/guin/api/v1/shorten.(*Service).Status:103","time":"2022-09-18T04:00:08+07:00","traceID":"00000000000000000000000000000000"}
{"err":"invalid url host","level":"error","msg":"[]","spanID":"0000000000000000","spanParentID":null,"src":"service.go:github.com/harisaginting/guin/api/v1/shorten.(*Service).Create:46","time":"2022-09-18T04:01:46+07:00","traceID":"00000000000000000000000000000000"}
{"err":"The shortcode cannot be found in the system","level":"error","msg":"[]","spanID":"0000000000000000","spanParentID":null,"src":"service.go:github.com/harisaginting/guin/api/v1/shorten.(*Service).Status:103","time":"2022-09-18T04:01:46+07:00","traceID":"00000000000000000000000000000000"}
{"err":"The shortcode cannot be found in the system","level":"error","msg":"[]","spanID":"0000000000000000","spanParentID":null,"src":"service.go:github.com/harisaginting/guin/api/v1/shorten.(*Service).Execute:123","time":"2022-09-18T04:01:46+07:00","traceID":"00000000000000000000000000000000"}
{"err":null,"level":"error","msg":"[]","spanID":"0000000000000000","spanParentID":null,"src":"repository.go:github.com/harisaginting/guin/api/v1/shorten.(*Repository).Get:29","time":"2022-09-18T04:02:50+07:00","traceID":"00000000000000000000000000000000"}
{"err":null,"level":"error","msg":"[]","spanID":"0000000000000000","spanParentID":null,"src":"repository.go:github.com/harisaginting/guin/api/v1/shorten.(*Repository).Get:29","time":"2022-09-18T04:02:50+07:00","traceID":"00000000000000000000000000000000"}
